<?xml version="1.0" encoding="UTF-8"?>
<testsuite xmlns:xsi="http://www.w3.org/2001/XMLSchema-instance" xsi:noNamespaceSchemaLocation="https://maven.apache.org/surefire/maven-surefire-plugin/xsd/surefire-test-report.xsd" name="mx.com.metlife.calculadora.test.CalculadoraDroolsIbm" time="9.568" tests="1" errors="0" skipped="0" failures="0">
  <properties>
    <property name="java.specification.version" value="17"/>
    <property name="sun.cpu.isalist" value="amd64"/>
    <property name="sun.jnu.encoding" value="Cp1252"/>
    <property name="java.class.path" value="C:\Users\hedavalos\Documents\demo-drools-ibm\target\test-classes;C:\Users\hedavalos\Documents\demo-drools-ibm\target\classes;C:\Users\hedavalos\.m2\repository\org\springframework\boot\spring-boot-starter-web\2.4.2\spring-boot-starter-web-2.4.2.jar;C:\Users\hedavalos\.m2\repository\org\springframework\boot\spring-boot-starter\2.4.2\spring-boot-starter-2.4.2.jar;C:\Users\hedavalos\.m2\repository\org\springframework\boot\spring-boot\2.4.2\spring-boot-2.4.2.jar;C:\Users\hedavalos\.m2\repository\org\springframework\boot\spring-boot-autoconfigure\2.4.2\spring-boot-autoconfigure-2.4.2.jar;C:\Users\hedavalos\.m2\repository\org\springframework\boot\spring-boot-starter-logging\2.4.2\spring-boot-starter-logging-2.4.2.jar;C:\Users\hedavalos\.m2\repository\ch\qos\logback\logback-classic\1.2.3\logback-classic-1.2.3.jar;C:\Users\hedavalos\.m2\repository\ch\qos\logback\logback-core\1.2.3\logback-core-1.2.3.jar;C:\Users\hedavalos\.m2\repository\org\apache\logging\log4j\log4j-to-slf4j\2.13.3\log4j-to-slf4j-2.13.3.jar;C:\Users\hedavalos\.m2\repository\org\apache\logging\log4j\log4j-api\2.13.3\log4j-api-2.13.3.jar;C:\Users\hedavalos\.m2\repository\org\slf4j\jul-to-slf4j\1.7.30\jul-to-slf4j-1.7.30.jar;C:\Users\hedavalos\.m2\repository\jakarta\annotation\jakarta.annotation-api\1.3.5\jakarta.annotation-api-1.3.5.jar;C:\Users\hedavalos\.m2\repository\org\yaml\snakeyaml\1.27\snakeyaml-1.27.jar;C:\Users\hedavalos\.m2\repository\org\springframework\boot\spring-boot-starter-json\2.4.2\spring-boot-starter-json-2.4.2.jar;C:\Users\hedavalos\.m2\repository\com\fasterxml\jackson\datatype\jackson-datatype-jdk8\2.11.4\jackson-datatype-jdk8-2.11.4.jar;C:\Users\hedavalos\.m2\repository\com\fasterxml\jackson\module\jackson-module-parameter-names\2.11.4\jackson-module-parameter-names-2.11.4.jar;C:\Users\hedavalos\.m2\repository\org\springframework\boot\spring-boot-starter-tomcat\2.4.2\spring-boot-starter-tomcat-2.4.2.jar;C:\Users\hedavalos\.m2\repository\org\apache\tomcat\embed\tomcat-embed-core\9.0.41\tomcat-embed-core-9.0.41.jar;C:\Users\hedavalos\.m2\repository\org\glassfish\jakarta.el\3.0.3\jakarta.el-3.0.3.jar;C:\Users\hedavalos\.m2\repository\org\apache\tomcat\embed\tomcat-embed-websocket\9.0.41\tomcat-embed-websocket-9.0.41.jar;C:\Users\hedavalos\.m2\repository\org\springframework\spring-web\5.3.3\spring-web-5.3.3.jar;C:\Users\hedavalos\.m2\repository\org\springframework\spring-beans\5.3.3\spring-beans-5.3.3.jar;C:\Users\hedavalos\.m2\repository\org\springframework\spring-webmvc\5.3.3\spring-webmvc-5.3.3.jar;C:\Users\hedavalos\.m2\repository\org\springframework\spring-aop\5.3.3\spring-aop-5.3.3.jar;C:\Users\hedavalos\.m2\repository\org\springframework\spring-context\5.3.3\spring-context-5.3.3.jar;C:\Users\hedavalos\.m2\repository\org\springframework\spring-expression\5.3.3\spring-expression-5.3.3.jar;C:\Users\hedavalos\.m2\repository\org\drools\drools-engine\9.1.1-ibm-0003\drools-engine-9.1.1-ibm-0003.jar;C:\Users\hedavalos\.m2\repository\org\kie\kie-api\9.1.1-ibm-0003\kie-api-9.1.1-ibm-0003.jar;C:\Users\hedavalos\.m2\repository\org\kie\kie-internal\9.1.1-ibm-0003\kie-internal-9.1.1-ibm-0003.jar;C:\Users\hedavalos\.m2\repository\org\drools\drools-core\9.1.1-ibm-0003\drools-core-9.1.1-ibm-0003.jar;C:\Users\hedavalos\.m2\repository\org\drools\drools-wiring-api\9.1.1-ibm-0003\drools-wiring-api-9.1.1-ibm-0003.jar;C:\Users\hedavalos\.m2\repository\org\drools\drools-base\9.1.1-ibm-0003\drools-base-9.1.1-ibm-0003.jar;C:\Users\hedavalos\.m2\repository\org\drools\drools-wiring-static\9.1.1-ibm-0003\drools-wiring-static-9.1.1-ibm-0003.jar;C:\Users\hedavalos\.m2\repository\org\drools\drools-io\9.1.1-ibm-0003\drools-io-9.1.1-ibm-0003.jar;C:\Users\hedavalos\.m2\repository\org\drools\drools-wiring-dynamic\9.1.1-ibm-0003\drools-wiring-dynamic-9.1.1-ibm-0003.jar;C:\Users\hedavalos\.m2\repository\org\drools\drools-kiesession\9.1.1-ibm-0003\drools-kiesession-9.1.1-ibm-0003.jar;C:\Users\hedavalos\.m2\repository\org\drools\drools-tms\9.1.1-ibm-0003\drools-tms-9.1.1-ibm-0003.jar;C:\Users\hedavalos\.m2\repository\org\drools\drools-compiler\9.1.1-ibm-0003\drools-compiler-9.1.1-ibm-0003.jar;C:\Users\hedavalos\.m2\repository\org\drools\drools-drl-parser\9.1.1-ibm-0003\drools-drl-parser-9.1.1-ibm-0003.jar;C:\Users\hedavalos\.m2\repository\org\drools\drools-drl-extensions\9.1.1-ibm-0003\drools-drl-extensions-9.1.1-ibm-0003.jar;C:\Users\hedavalos\.m2\repository\org\drools\drools-drl-ast\9.1.1-ibm-0003\drools-drl-ast-9.1.1-ibm-0003.jar;C:\Users\hedavalos\.m2\repository\org\kie\kie-memory-compiler\9.1.1-ibm-0003\kie-memory-compiler-9.1.1-ibm-0003.jar;C:\Users\hedavalos\.m2\repository\org\drools\drools-ecj\9.1.1-ibm-0003\drools-ecj-9.1.1-ibm-0003.jar;C:\Users\hedavalos\.m2\repository\org\eclipse\jdt\ecj\3.33.0\ecj-3.33.0.jar;C:\Users\hedavalos\.m2\repository\org\kie\kie-util-maven-support\9.1.1-ibm-0003\kie-util-maven-support-9.1.1-ibm-0003.jar;C:\Users\hedavalos\.m2\repository\org\antlr\antlr-runtime\3.5.2\antlr-runtime-3.5.2.jar;C:\Users\hedavalos\.m2\repository\org\drools\drools-model-compiler\9.1.1-ibm-0003\drools-model-compiler-9.1.1-ibm-0003.jar;C:\Users\hedavalos\.m2\repository\org\drools\drools-canonical-model\9.1.1-ibm-0003\drools-canonical-model-9.1.1-ibm-0003.jar;C:\Users\hedavalos\.m2\repository\org\drools\drools-model-codegen\9.1.1-ibm-0003\drools-model-codegen-9.1.1-ibm-0003.jar;C:\Users\hedavalos\.m2\repository\org\drools\drools-util\9.1.1-ibm-0003\drools-util-9.1.1-ibm-0003.jar;C:\Users\hedavalos\.m2\repository\org\drools\drools-codegen-common\9.1.1-ibm-0003\drools-codegen-common-9.1.1-ibm-0003.jar;C:\Users\hedavalos\.m2\repository\org\drools\drools-model-prototype\9.1.1-ibm-0003\drools-model-prototype-9.1.1-ibm-0003.jar;C:\Users\hedavalos\.m2\repository\com\github\javaparser\javaparser-core\3.25.8\javaparser-core-3.25.8.jar;C:\Users\hedavalos\.m2\repository\org\drools\drools-mvel-parser\9.1.1-ibm-0003\drools-mvel-parser-9.1.1-ibm-0003.jar;C:\Users\hedavalos\.m2\repository\org\drools\drools-mvel-compiler\9.1.1-ibm-0003\drools-mvel-compiler-9.1.1-ibm-0003.jar;C:\Users\hedavalos\.m2\repository\org\drools\drools-commands\9.1.1-ibm-0003\drools-commands-9.1.1-ibm-0003.jar;C:\Users\hedavalos\.m2\repository\org\drools\drools-mvel\9.1.1-ibm-0003\drools-mvel-9.1.1-ibm-0003.jar;C:\Users\hedavalos\.m2\repository\org\mvel\mvel2\2.5.1.Final\mvel2-2.5.1.Final.jar;C:\Users\hedavalos\.m2\repository\org\slf4j\slf4j-api\1.7.30\slf4j-api-1.7.30.jar;C:\Users\hedavalos\.m2\repository\org\drools\drools-xml-support\9.1.1-ibm-0003\drools-xml-support-9.1.1-ibm-0003.jar;C:\Users\hedavalos\.m2\repository\com\thoughtworks\xstream\xstream\1.4.20\xstream-1.4.20.jar;C:\Users\hedavalos\.m2\repository\io\github\x-stream\mxparser\1.2.2\mxparser-1.2.2.jar;C:\Users\hedavalos\.m2\repository\xmlpull\xmlpull\1.1.3.1\xmlpull-1.1.3.1.jar;C:\Users\hedavalos\.m2\repository\org\kie\kie-util-xml\9.1.1-ibm-0003\kie-util-xml-9.1.1-ibm-0003.jar;C:\Users\hedavalos\.m2\repository\commons-codec\commons-codec\1.15\commons-codec-1.15.jar;C:\Users\hedavalos\.m2\repository\org\springframework\boot\spring-boot-starter-actuator\2.4.2\spring-boot-starter-actuator-2.4.2.jar;C:\Users\hedavalos\.m2\repository\org\springframework\boot\spring-boot-actuator-autoconfigure\2.4.2\spring-boot-actuator-autoconfigure-2.4.2.jar;C:\Users\hedavalos\.m2\repository\org\springframework\boot\spring-boot-actuator\2.4.2\spring-boot-actuator-2.4.2.jar;C:\Users\hedavalos\.m2\repository\io\micrometer\micrometer-core\1.6.3\micrometer-core-1.6.3.jar;C:\Users\hedavalos\.m2\repository\org\hdrhistogram\HdrHistogram\2.1.12\HdrHistogram-2.1.12.jar;C:\Users\hedavalos\.m2\repository\org\latencyutils\LatencyUtils\2.0.3\LatencyUtils-2.0.3.jar;C:\Users\hedavalos\.m2\repository\com\fasterxml\jackson\core\jackson-databind\2.11.4\jackson-databind-2.11.4.jar;C:\Users\hedavalos\.m2\repository\com\fasterxml\jackson\core\jackson-annotations\2.11.4\jackson-annotations-2.11.4.jar;C:\Users\hedavalos\.m2\repository\com\fasterxml\jackson\core\jackson-core\2.11.4\jackson-core-2.11.4.jar;C:\Users\hedavalos\.m2\repository\com\fasterxml\jackson\datatype\jackson-datatype-jsr310\2.11.4\jackson-datatype-jsr310-2.11.4.jar;C:\Users\hedavalos\.m2\repository\org\springframework\boot\spring-boot-starter-test\2.4.2\spring-boot-starter-test-2.4.2.jar;C:\Users\hedavalos\.m2\repository\org\springframework\boot\spring-boot-test\2.4.2\spring-boot-test-2.4.2.jar;C:\Users\hedavalos\.m2\repository\org\springframework\boot\spring-boot-test-autoconfigure\2.4.2\spring-boot-test-autoconfigure-2.4.2.jar;C:\Users\hedavalos\.m2\repository\com\jayway\jsonpath\json-path\2.4.0\json-path-2.4.0.jar;C:\Users\hedavalos\.m2\repository\net\minidev\json-smart\2.3\json-smart-2.3.jar;C:\Users\hedavalos\.m2\repository\net\minidev\accessors-smart\1.2\accessors-smart-1.2.jar;C:\Users\hedavalos\.m2\repository\org\ow2\asm\asm\5.0.4\asm-5.0.4.jar;C:\Users\hedavalos\.m2\repository\jakarta\xml\bind\jakarta.xml.bind-api\2.3.3\jakarta.xml.bind-api-2.3.3.jar;C:\Users\hedavalos\.m2\repository\jakarta\activation\jakarta.activation-api\1.2.2\jakarta.activation-api-1.2.2.jar;C:\Users\hedavalos\.m2\repository\org\assertj\assertj-core\3.18.1\assertj-core-3.18.1.jar;C:\Users\hedavalos\.m2\repository\org\hamcrest\hamcrest\2.2\hamcrest-2.2.jar;C:\Users\hedavalos\.m2\repository\org\junit\jupiter\junit-jupiter\5.7.0\junit-jupiter-5.7.0.jar;C:\Users\hedavalos\.m2\repository\org\junit\jupiter\junit-jupiter-api\5.7.0\junit-jupiter-api-5.7.0.jar;C:\Users\hedavalos\.m2\repository\org\apiguardian\apiguardian-api\1.1.0\apiguardian-api-1.1.0.jar;C:\Users\hedavalos\.m2\repository\org\opentest4j\opentest4j\1.2.0\opentest4j-1.2.0.jar;C:\Users\hedavalos\.m2\repository\org\junit\platform\junit-platform-commons\1.7.0\junit-platform-commons-1.7.0.jar;C:\Users\hedavalos\.m2\repository\org\junit\jupiter\junit-jupiter-params\5.7.0\junit-jupiter-params-5.7.0.jar;C:\Users\hedavalos\.m2\repository\org\junit\jupiter\junit-jupiter-engine\5.7.0\junit-jupiter-engine-5.7.0.jar;C:\Users\hedavalos\.m2\repository\org\junit\platform\junit-platform-engine\1.7.0\junit-platform-engine-1.7.0.jar;C:\Users\hedavalos\.m2\repository\org\mockito\mockito-core\3.6.28\mockito-core-3.6.28.jar;C:\Users\hedavalos\.m2\repository\net\bytebuddy\byte-buddy\1.10.19\byte-buddy-1.10.19.jar;C:\Users\hedavalos\.m2\repository\net\bytebuddy\byte-buddy-agent\1.10.19\byte-buddy-agent-1.10.19.jar;C:\Users\hedavalos\.m2\repository\org\objenesis\objenesis\3.1\objenesis-3.1.jar;C:\Users\hedavalos\.m2\repository\org\mockito\mockito-junit-jupiter\3.6.28\mockito-junit-jupiter-3.6.28.jar;C:\Users\hedavalos\.m2\repository\org\skyscreamer\jsonassert\1.5.0\jsonassert-1.5.0.jar;C:\Users\hedavalos\.m2\repository\com\vaadin\external\google\android-json\0.0.20131108.vaadin1\android-json-0.0.20131108.vaadin1.jar;C:\Users\hedavalos\.m2\repository\org\springframework\spring-core\5.3.3\spring-core-5.3.3.jar;C:\Users\hedavalos\.m2\repository\org\springframework\spring-jcl\5.3.3\spring-jcl-5.3.3.jar;C:\Users\hedavalos\.m2\repository\org\springframework\spring-test\5.3.3\spring-test-5.3.3.jar;C:\Users\hedavalos\.m2\repository\org\xmlunit\xmlunit-core\2.7.0\xmlunit-core-2.7.0.jar;C:\Users\hedavalos\.m2\repository\joda-time\joda-time\2.7\joda-time-2.7.jar;C:\Users\hedavalos\.m2\repository\commons-lang\commons-lang\2.4\commons-lang-2.4.jar;"/>
    <property name="java.vm.vendor" value="Oracle Corporation"/>
    <property name="sun.arch.data.model" value="64"/>
    <property name="user.variant" value=""/>
    <property name="java.vendor.url" value="https://java.oracle.com/"/>
    <property name="user.timezone" value="America/Mexico_City"/>
    <property name="os.name" value="Windows 10"/>
    <property name="java.vm.specification.version" value="17"/>
    <property name="sun.java.launcher" value="SUN_STANDARD"/>
    <property name="user.country" value="MX"/>
    <property name="sun.boot.library.path" value="C:\Program Files\Java\jdk-17\bin"/>
    <property name="sun.java.command" value="C:\Users\HEDAVA~1\AppData\Local\Temp\surefire11638090159983241135\surefirebooter15972212743810880734.jar C:\Users\hedavalos\AppData\Local\Temp\surefire11638090159983241135 2025-05-22T19-44-27_573-jvmRun1 surefire16131164254932722593tmp surefire_0260327519192933324tmp"/>
    <property name="jdk.debug" value="release"/>
    <property name="surefire.test.class.path" value="C:\Users\hedavalos\Documents\demo-drools-ibm\target\test-classes;C:\Users\hedavalos\Documents\demo-drools-ibm\target\classes;C:\Users\hedavalos\.m2\repository\org\springframework\boot\spring-boot-starter-web\2.4.2\spring-boot-starter-web-2.4.2.jar;C:\Users\hedavalos\.m2\repository\org\springframework\boot\spring-boot-starter\2.4.2\spring-boot-starter-2.4.2.jar;C:\Users\hedavalos\.m2\repository\org\springframework\boot\spring-boot\2.4.2\spring-boot-2.4.2.jar;C:\Users\hedavalos\.m2\repository\org\springframework\boot\spring-boot-autoconfigure\2.4.2\spring-boot-autoconfigure-2.4.2.jar;C:\Users\hedavalos\.m2\repository\org\springframework\boot\spring-boot-starter-logging\2.4.2\spring-boot-starter-logging-2.4.2.jar;C:\Users\hedavalos\.m2\repository\ch\qos\logback\logback-classic\1.2.3\logback-classic-1.2.3.jar;C:\Users\hedavalos\.m2\repository\ch\qos\logback\logback-core\1.2.3\logback-core-1.2.3.jar;C:\Users\hedavalos\.m2\repository\org\apache\logging\log4j\log4j-to-slf4j\2.13.3\log4j-to-slf4j-2.13.3.jar;C:\Users\hedavalos\.m2\repository\org\apache\logging\log4j\log4j-api\2.13.3\log4j-api-2.13.3.jar;C:\Users\hedavalos\.m2\repository\org\slf4j\jul-to-slf4j\1.7.30\jul-to-slf4j-1.7.30.jar;C:\Users\hedavalos\.m2\repository\jakarta\annotation\jakarta.annotation-api\1.3.5\jakarta.annotation-api-1.3.5.jar;C:\Users\hedavalos\.m2\repository\org\yaml\snakeyaml\1.27\snakeyaml-1.27.jar;C:\Users\hedavalos\.m2\repository\org\springframework\boot\spring-boot-starter-json\2.4.2\spring-boot-starter-json-2.4.2.jar;C:\Users\hedavalos\.m2\repository\com\fasterxml\jackson\datatype\jackson-datatype-jdk8\2.11.4\jackson-datatype-jdk8-2.11.4.jar;C:\Users\hedavalos\.m2\repository\com\fasterxml\jackson\module\jackson-module-parameter-names\2.11.4\jackson-module-parameter-names-2.11.4.jar;C:\Users\hedavalos\.m2\repository\org\springframework\boot\spring-boot-starter-tomcat\2.4.2\spring-boot-starter-tomcat-2.4.2.jar;C:\Users\hedavalos\.m2\repository\org\apache\tomcat\embed\tomcat-embed-core\9.0.41\tomcat-embed-core-9.0.41.jar;C:\Users\hedavalos\.m2\repository\org\glassfish\jakarta.el\3.0.3\jakarta.el-3.0.3.jar;C:\Users\hedavalos\.m2\repository\org\apache\tomcat\embed\tomcat-embed-websocket\9.0.41\tomcat-embed-websocket-9.0.41.jar;C:\Users\hedavalos\.m2\repository\org\springframework\spring-web\5.3.3\spring-web-5.3.3.jar;C:\Users\hedavalos\.m2\repository\org\springframework\spring-beans\5.3.3\spring-beans-5.3.3.jar;C:\Users\hedavalos\.m2\repository\org\springframework\spring-webmvc\5.3.3\spring-webmvc-5.3.3.jar;C:\Users\hedavalos\.m2\repository\org\springframework\spring-aop\5.3.3\spring-aop-5.3.3.jar;C:\Users\hedavalos\.m2\repository\org\springframework\spring-context\5.3.3\spring-context-5.3.3.jar;C:\Users\hedavalos\.m2\repository\org\springframework\spring-expression\5.3.3\spring-expression-5.3.3.jar;C:\Users\hedavalos\.m2\repository\org\drools\drools-engine\9.1.1-ibm-0003\drools-engine-9.1.1-ibm-0003.jar;C:\Users\hedavalos\.m2\repository\org\kie\kie-api\9.1.1-ibm-0003\kie-api-9.1.1-ibm-0003.jar;C:\Users\hedavalos\.m2\repository\org\kie\kie-internal\9.1.1-ibm-0003\kie-internal-9.1.1-ibm-0003.jar;C:\Users\hedavalos\.m2\repository\org\drools\drools-core\9.1.1-ibm-0003\drools-core-9.1.1-ibm-0003.jar;C:\Users\hedavalos\.m2\repository\org\drools\drools-wiring-api\9.1.1-ibm-0003\drools-wiring-api-9.1.1-ibm-0003.jar;C:\Users\hedavalos\.m2\repository\org\drools\drools-base\9.1.1-ibm-0003\drools-base-9.1.1-ibm-0003.jar;C:\Users\hedavalos\.m2\repository\org\drools\drools-wiring-static\9.1.1-ibm-0003\drools-wiring-static-9.1.1-ibm-0003.jar;C:\Users\hedavalos\.m2\repository\org\drools\drools-io\9.1.1-ibm-0003\drools-io-9.1.1-ibm-0003.jar;C:\Users\hedavalos\.m2\repository\org\drools\drools-wiring-dynamic\9.1.1-ibm-0003\drools-wiring-dynamic-9.1.1-ibm-0003.jar;C:\Users\hedavalos\.m2\repository\org\drools\drools-kiesession\9.1.1-ibm-0003\drools-kiesession-9.1.1-ibm-0003.jar;C:\Users\hedavalos\.m2\repository\org\drools\drools-tms\9.1.1-ibm-0003\drools-tms-9.1.1-ibm-0003.jar;C:\Users\hedavalos\.m2\repository\org\drools\drools-compiler\9.1.1-ibm-0003\drools-compiler-9.1.1-ibm-0003.jar;C:\Users\hedavalos\.m2\repository\org\drools\drools-drl-parser\9.1.1-ibm-0003\drools-drl-parser-9.1.1-ibm-0003.jar;C:\Users\hedavalos\.m2\repository\org\drools\drools-drl-extensions\9.1.1-ibm-0003\drools-drl-extensions-9.1.1-ibm-0003.jar;C:\Users\hedavalos\.m2\repository\org\drools\drools-drl-ast\9.1.1-ibm-0003\drools-drl-ast-9.1.1-ibm-0003.jar;C:\Users\hedavalos\.m2\repository\org\kie\kie-memory-compiler\9.1.1-ibm-0003\kie-memory-compiler-9.1.1-ibm-0003.jar;C:\Users\hedavalos\.m2\repository\org\drools\drools-ecj\9.1.1-ibm-0003\drools-ecj-9.1.1-ibm-0003.jar;C:\Users\hedavalos\.m2\repository\org\eclipse\jdt\ecj\3.33.0\ecj-3.33.0.jar;C:\Users\hedavalos\.m2\repository\org\kie\kie-util-maven-support\9.1.1-ibm-0003\kie-util-maven-support-9.1.1-ibm-0003.jar;C:\Users\hedavalos\.m2\repository\org\antlr\antlr-runtime\3.5.2\antlr-runtime-3.5.2.jar;C:\Users\hedavalos\.m2\repository\org\drools\drools-model-compiler\9.1.1-ibm-0003\drools-model-compiler-9.1.1-ibm-0003.jar;C:\Users\hedavalos\.m2\repository\org\drools\drools-canonical-model\9.1.1-ibm-0003\drools-canonical-model-9.1.1-ibm-0003.jar;C:\Users\hedavalos\.m2\repository\org\drools\drools-model-codegen\9.1.1-ibm-0003\drools-model-codegen-9.1.1-ibm-0003.jar;C:\Users\hedavalos\.m2\repository\org\drools\drools-util\9.1.1-ibm-0003\drools-util-9.1.1-ibm-0003.jar;C:\Users\hedavalos\.m2\repository\org\drools\drools-codegen-common\9.1.1-ibm-0003\drools-codegen-common-9.1.1-ibm-0003.jar;C:\Users\hedavalos\.m2\repository\org\drools\drools-model-prototype\9.1.1-ibm-0003\drools-model-prototype-9.1.1-ibm-0003.jar;C:\Users\hedavalos\.m2\repository\com\github\javaparser\javaparser-core\3.25.8\javaparser-core-3.25.8.jar;C:\Users\hedavalos\.m2\repository\org\drools\drools-mvel-parser\9.1.1-ibm-0003\drools-mvel-parser-9.1.1-ibm-0003.jar;C:\Users\hedavalos\.m2\repository\org\drools\drools-mvel-compiler\9.1.1-ibm-0003\drools-mvel-compiler-9.1.1-ibm-0003.jar;C:\Users\hedavalos\.m2\repository\org\drools\drools-commands\9.1.1-ibm-0003\drools-commands-9.1.1-ibm-0003.jar;C:\Users\hedavalos\.m2\repository\org\drools\drools-mvel\9.1.1-ibm-0003\drools-mvel-9.1.1-ibm-0003.jar;C:\Users\hedavalos\.m2\repository\org\mvel\mvel2\2.5.1.Final\mvel2-2.5.1.Final.jar;C:\Users\hedavalos\.m2\repository\org\slf4j\slf4j-api\1.7.30\slf4j-api-1.7.30.jar;C:\Users\hedavalos\.m2\repository\org\drools\drools-xml-support\9.1.1-ibm-0003\drools-xml-support-9.1.1-ibm-0003.jar;C:\Users\hedavalos\.m2\repository\com\thoughtworks\xstream\xstream\1.4.20\xstream-1.4.20.jar;C:\Users\hedavalos\.m2\repository\io\github\x-stream\mxparser\1.2.2\mxparser-1.2.2.jar;C:\Users\hedavalos\.m2\repository\xmlpull\xmlpull\1.1.3.1\xmlpull-1.1.3.1.jar;C:\Users\hedavalos\.m2\repository\org\kie\kie-util-xml\9.1.1-ibm-0003\kie-util-xml-9.1.1-ibm-0003.jar;C:\Users\hedavalos\.m2\repository\commons-codec\commons-codec\1.15\commons-codec-1.15.jar;C:\Users\hedavalos\.m2\repository\org\springframework\boot\spring-boot-starter-actuator\2.4.2\spring-boot-starter-actuator-2.4.2.jar;C:\Users\hedavalos\.m2\repository\org\springframework\boot\spring-boot-actuator-autoconfigure\2.4.2\spring-boot-actuator-autoconfigure-2.4.2.jar;C:\Users\hedavalos\.m2\repository\org\springframework\boot\spring-boot-actuator\2.4.2\spring-boot-actuator-2.4.2.jar;C:\Users\hedavalos\.m2\repository\io\micrometer\micrometer-core\1.6.3\micrometer-core-1.6.3.jar;C:\Users\hedavalos\.m2\repository\org\hdrhistogram\HdrHistogram\2.1.12\HdrHistogram-2.1.12.jar;C:\Users\hedavalos\.m2\repository\org\latencyutils\LatencyUtils\2.0.3\LatencyUtils-2.0.3.jar;C:\Users\hedavalos\.m2\repository\com\fasterxml\jackson\core\jackson-databind\2.11.4\jackson-databind-2.11.4.jar;C:\Users\hedavalos\.m2\repository\com\fasterxml\jackson\core\jackson-annotations\2.11.4\jackson-annotations-2.11.4.jar;C:\Users\hedavalos\.m2\repository\com\fasterxml\jackson\core\jackson-core\2.11.4\jackson-core-2.11.4.jar;C:\Users\hedavalos\.m2\repository\com\fasterxml\jackson\datatype\jackson-datatype-jsr310\2.11.4\jackson-datatype-jsr310-2.11.4.jar;C:\Users\hedavalos\.m2\repository\org\springframework\boot\spring-boot-starter-test\2.4.2\spring-boot-starter-test-2.4.2.jar;C:\Users\hedavalos\.m2\repository\org\springframework\boot\spring-boot-test\2.4.2\spring-boot-test-2.4.2.jar;C:\Users\hedavalos\.m2\repository\org\springframework\boot\spring-boot-test-autoconfigure\2.4.2\spring-boot-test-autoconfigure-2.4.2.jar;C:\Users\hedavalos\.m2\repository\com\jayway\jsonpath\json-path\2.4.0\json-path-2.4.0.jar;C:\Users\hedavalos\.m2\repository\net\minidev\json-smart\2.3\json-smart-2.3.jar;C:\Users\hedavalos\.m2\repository\net\minidev\accessors-smart\1.2\accessors-smart-1.2.jar;C:\Users\hedavalos\.m2\repository\org\ow2\asm\asm\5.0.4\asm-5.0.4.jar;C:\Users\hedavalos\.m2\repository\jakarta\xml\bind\jakarta.xml.bind-api\2.3.3\jakarta.xml.bind-api-2.3.3.jar;C:\Users\hedavalos\.m2\repository\jakarta\activation\jakarta.activation-api\1.2.2\jakarta.activation-api-1.2.2.jar;C:\Users\hedavalos\.m2\repository\org\assertj\assertj-core\3.18.1\assertj-core-3.18.1.jar;C:\Users\hedavalos\.m2\repository\org\hamcrest\hamcrest\2.2\hamcrest-2.2.jar;C:\Users\hedavalos\.m2\repository\org\junit\jupiter\junit-jupiter\5.7.0\junit-jupiter-5.7.0.jar;C:\Users\hedavalos\.m2\repository\org\junit\jupiter\junit-jupiter-api\5.7.0\junit-jupiter-api-5.7.0.jar;C:\Users\hedavalos\.m2\repository\org\apiguardian\apiguardian-api\1.1.0\apiguardian-api-1.1.0.jar;C:\Users\hedavalos\.m2\repository\org\opentest4j\opentest4j\1.2.0\opentest4j-1.2.0.jar;C:\Users\hedavalos\.m2\repository\org\junit\platform\junit-platform-commons\1.7.0\junit-platform-commons-1.7.0.jar;C:\Users\hedavalos\.m2\repository\org\junit\jupiter\junit-jupiter-params\5.7.0\junit-jupiter-params-5.7.0.jar;C:\Users\hedavalos\.m2\repository\org\junit\jupiter\junit-jupiter-engine\5.7.0\junit-jupiter-engine-5.7.0.jar;C:\Users\hedavalos\.m2\repository\org\junit\platform\junit-platform-engine\1.7.0\junit-platform-engine-1.7.0.jar;C:\Users\hedavalos\.m2\repository\org\mockito\mockito-core\3.6.28\mockito-core-3.6.28.jar;C:\Users\hedavalos\.m2\repository\net\bytebuddy\byte-buddy\1.10.19\byte-buddy-1.10.19.jar;C:\Users\hedavalos\.m2\repository\net\bytebuddy\byte-buddy-agent\1.10.19\byte-buddy-agent-1.10.19.jar;C:\Users\hedavalos\.m2\repository\org\objenesis\objenesis\3.1\objenesis-3.1.jar;C:\Users\hedavalos\.m2\repository\org\mockito\mockito-junit-jupiter\3.6.28\mockito-junit-jupiter-3.6.28.jar;C:\Users\hedavalos\.m2\repository\org\skyscreamer\jsonassert\1.5.0\jsonassert-1.5.0.jar;C:\Users\hedavalos\.m2\repository\com\vaadin\external\google\android-json\0.0.20131108.vaadin1\android-json-0.0.20131108.vaadin1.jar;C:\Users\hedavalos\.m2\repository\org\springframework\spring-core\5.3.3\spring-core-5.3.3.jar;C:\Users\hedavalos\.m2\repository\org\springframework\spring-jcl\5.3.3\spring-jcl-5.3.3.jar;C:\Users\hedavalos\.m2\repository\org\springframework\spring-test\5.3.3\spring-test-5.3.3.jar;C:\Users\hedavalos\.m2\repository\org\xmlunit\xmlunit-core\2.7.0\xmlunit-core-2.7.0.jar;C:\Users\hedavalos\.m2\repository\joda-time\joda-time\2.7\joda-time-2.7.jar;C:\Users\hedavalos\.m2\repository\commons-lang\commons-lang\2.4\commons-lang-2.4.jar;"/>
    <property name="sun.cpu.endian" value="little"/>
    <property name="user.home" value="C:\Users\hedavalos"/>
    <property name="user.language" value="es"/>
    <property name="java.specification.vendor" value="Oracle Corporation"/>
    <property name="java.version.date" value="2024-07-16"/>
    <property name="java.home" value="C:\Program Files\Java\jdk-17"/>
    <property name="file.separator" value="\"/>
    <property name="basedir" value="C:\Users\hedavalos\Documents\demo-drools-ibm"/>
    <property name="java.vm.compressedOopsMode" value="Zero based"/>
    <property name="line.separator" value="&#10;"/>
    <property name="java.vm.specification.vendor" value="Oracle Corporation"/>
    <property name="java.specification.name" value="Java Platform API Specification"/>
    <property name="surefire.real.class.path" value="C:\Users\HEDAVA~1\AppData\Local\Temp\surefire11638090159983241135\surefirebooter15972212743810880734.jar"/>
    <property name="user.script" value=""/>
    <property name="sun.management.compiler" value="HotSpot 64-Bit Tiered Compilers"/>
    <property name="java.runtime.version" value="17.0.12+8-LTS-286"/>
    <property name="user.name" value="hedavalos"/>
    <property name="path.separator" value=";"/>
    <property name="os.version" value="10.0"/>
    <property name="java.runtime.name" value="Java(TM) SE Runtime Environment"/>
    <property name="file.encoding" value="Cp1252"/>
    <property name="java.vm.name" value="Java HotSpot(TM) 64-Bit Server VM"/>
    <property name="localRepository" value="C:\Users\hedavalos\.m2\repository"/>
    <property name="java.vendor.url.bug" value="https://bugreport.java.com/bugreport/"/>
    <property name="java.io.tmpdir" value="C:\Users\HEDAVA~1\AppData\Local\Temp\"/>
    <property name="java.version" value="17.0.12"/>
    <property name="user.dir" value="C:\Users\hedavalos\Documents\demo-drools-ibm"/>
    <property name="os.arch" value="amd64"/>
    <property name="java.vm.specification.name" value="Java Virtual Machine Specification"/>
    <property name="sun.os.patch.level" value=""/>
    <property name="native.encoding" value="Cp1252"/>
    <property name="java.library.path" value="C:\Program Files\Java\jdk-17\bin;C:\Windows\Sun\Java\bin;C:\Windows\system32;C:\Windows;C:\Program Files\Common Files\Oracle\Java\javapath;C:\Windows\system32;C:\Windows;C:\Windows\System32\Wbem;C:\Windows\System32\WindowsPowerShell\v1.0\;C:\Windows\System32\OpenSSH\;C:\Program Files\dotnet\;C:\Program Files\Git\cmd;C:\Program Files\IBM\MQ\bin64;C:\Program Files\IBM\MQ\bin;C:\Program Files\IBM\MQ\tools\c\samples\bin64;C:\Program Files\IBM\MQ\tools\c\samples\bin;C:\Program Files\Docker\Docker\resources\bin;C:\Users\hedavalos\AppData\Local\Microsoft\WindowsApps;C:\Users\hedavalos\AppData\Local\Programs\Microsoft VS Code\bin;C:\Program Files (x86)\Nmap;C:\maven\apache-maven-3.8.8-bin\apache-maven-3.8.8\bin;C:\Program Files\OpenShift\;C:\Users\hedavalos\AppData\Local\Programs\Windsurf\bin;."/>
    <property name="java.vm.info" value="mixed mode, sharing"/>
    <property name="java.vendor" value="Oracle Corporation"/>
    <property name="java.vm.version" value="17.0.12+8-LTS-286"/>
    <property name="sun.io.unicode.encoding" value="UnicodeLittle"/>
    <property name="java.class.version" value="61.0"/>
  </properties>
  <testcase name="testDrools" classname="mx.com.metlife.calculadora.test.CalculadoraDroolsIbm" time="1.252"/>
</testsuite>